69289.000
34796.000
23232.000
32643.000
26847.000
22402.000
19312.000
16973.000
22314.000
23035.000
18887.000
17131.000
20708.000
20767.000
18088.000
17170.000
19789.000
22146.000
21029.000
19864.000
19553.000
18457.000
17687.000
17279.000
19006.000
18477.000
20458.000
19217.000
18780.000
18195.000
17933.000
17490.000
18761.000
18007.000
19167.000
18876.000
18429.000
18088.000
17571.000
17604.000
18411.000
18155.000
17791.000
18567.000
18183.000
18380.000
17709.000
17469.000
18253.000
19303.000
18676.000
17845.000
18310.000
17995.000
17809.000
17569.000
18548.000
18561.000
17910.000
18690.000
18276.000
17935.000
17751.000
18026.000
18143.000
18224.000
18041.000
19627.000
18247.000
18004.000
18018.000
18281.000
18087.000
18294.000
18209.000
17913.000
18275.000
18170.000
18125.000
17925.000
18379.000
18220.000
18191.000
18265.000
18197.000
18208.000
18216.000
18246.000
18361.000
18523.000
18550.000
18274.000
18298.000
18075.000
18299.000
18093.000
18373.000
18354.000
18379.000
18498.000
18399.000
18335.000
18433.000
18451.000
18647.000
18852.000
18538.000
18966.000
18646.000
18434.000
18629.000
18526.000
18730.000
18753.000
18403.000
18586.000
18634.000
18628.000
18663.000
18760.000
19120.000
18561.000
18696.000
18718.000
18747.000
18691.000
19214.000
18527.000
