150707.000
152841.000
150731.000
150508.000
151132.000
153674.000
150731.000
151070.000
150695.000
150723.000
150689.000
151055.000
150749.000
153927.000
150695.000
151259.000
150532.000
150694.000
153267.000
152859.000
150774.000
150738.000
150718.000
150729.000
153371.000
150475.000
150721.000
150681.000
153017.000
152984.000
150690.000
150696.000
150752.000
150731.000
152089.000
150712.000
151009.000
152942.000
150730.000
152716.000
153478.000
150539.000
153166.000
150527.000
150780.000
151362.000
150751.000
150696.000
153716.000
150531.000
154428.000
150731.000
150730.000
150722.000
150719.000
152917.000
152759.000
150717.000
154059.000
152971.000
150512.000
150882.000
150535.000
152959.000
150718.000
150509.000
152760.000
150528.000
150688.000
150710.000
150693.000
153441.000
150692.000
152869.000
150717.000
150708.000
151865.000
150709.000
153092.000
150517.000
152845.000
150518.000
150986.000
150715.000
150734.000
152116.000
150728.000
150726.000
150523.000
153322.000
153321.000
150689.000
153755.000
150536.000
150512.000
150526.000
150698.000
150602.000
150700.000
153075.000
154519.000
150523.000
151243.000
151093.000
150499.000
150672.000
152860.000
150696.000
153233.000
150683.000
153203.000
150716.000
152866.000
150484.000
150724.000
151265.000
150713.000
153395.000
150686.000
150744.000
153052.000
150679.000
153443.000
150528.000
150772.000
152986.000
150701.000
152894.000
